Build started 12/19/2017 11:22:02 AM.
     1>Project "C:\gen\GitHub\KinematicDesign\KinematicDesign\KinematicDesign.vcxproj" on node 2 (Build target(s)).
     1>C:\Program Files (x86)\MSBuild\Microsoft.Cpp\v4.0\V120\Microsoft.CppBuild.targets(388,5): warning MSB8028: The intermediate directory (x64\Debug\) contains files shared from another project (Canvas3DMultiLayers.vcxproj, Canvas3D.vcxproj).  This can lead to incorrect clean and rebuild behavior.
     1>ClCompile:
         C:\Program Files (x86)\Microsoft Visual Studio 12.0\VC\bin\x86_amd64\CL.exe /c /I.\GeneratedFiles /I. /IC:\Qt\Qt5.6.0\5.6\msvc2013_64\include /I.\GeneratedFiles\Debug /IC:\Qt\Qt5.6.0\5.6\msvc2013_64\include\QtCore /IC:\Qt\Qt5.6.0\5.6\msvc2013_64\include\QtGui /IC:\Qt\Qt5.6.0\5.6\msvc2013_64\include\QtOpenGL /IC:\Qt\Qt5.6.0\5.6\msvc2013_64\include\QtWidgets /IC:\Qt\Qt5.6.0\5.6\msvc2013_64\include\QtXml /I..\glm /I..\glew /I..\opencv\include /I"C:\CGAL-4.10.1\include" /I"C:\CGAL-4.10.1\auxiliary\gmp\include" /IC:\boost_1_58 /I..\dlib\include /I..\kinematics /Zi /nologo /W1 /WX- /Od /D UNICODE /D WIN32 /D WIN64 /D QT_DLL /D QT_CORE_LIB /D QT_GUI_LIB /D QT_OPENGL_LIB /D QT_WIDGETS_LIB /D QT_XML_LIB /Gm- /EHsc /MDd /GS /fp:precise /Zc:wchar_t /Zc:forScope /Fo"x64\Debug\\" /Fd"x64\Debug\vc120.pdb" /Gd /TP /errorReport:prompt ..\kinematics\kinematics\KinematicDiagram.cpp
         KinematicDiagram.cpp
       Link:
         C:\Program Files (x86)\Microsoft Visual Studio 12.0\VC\bin\x86_amd64\link.exe /ERRORREPORT:PROMPT /OUT:"C:\gen\GitHub\KinematicDesign\x64\Debug\\KinematicDesign.exe" /NOLOGO /LIBPATH:C:\Qt\Qt5.6.0\5.6\msvc2013_64\lib /LIBPATH:..\opencv\lib /LIBPATH:..\glew /LIBPATH:"C:\CGAL-4.10.1\lib" /LIBPATH:"C:\CGAL-4.10.1\auxiliary\gmp\lib" /LIBPATH:"C:\boost_1_58\lib64-msvc-12.0" /LIBPATH:..\dlib\lib qtmaind.lib Qt5Cored.lib Qt5Guid.lib Qt5OpenGLd.lib opengl32.lib glu32.lib Qt5Widgetsd.lib Qt5Xmld.lib opencv_world300d.lib glew32.lib "CGAL-vc120-mt-gd-4.10.1.lib" "CGAL_Core-vc120-mt-gd-4.10.1.lib" "CGAL_ImageIO-vc120-mt-gd-4.10.1.lib" "libgmp-10.lib" "libmpfr-4.lib" "libboost_thread-vc120-mt-gd-1_58.lib" dlibd.lib kernel32.lib user32.lib gdi32.lib winspool.lib comdlg32.lib advapi32.lib shell32.lib ole32.lib oleaut32.lib uuid.lib odbc32.lib odbccp32.lib /MANIFEST /MANIFESTUAC:"level='asInvoker' uiAccess='false'" /manifest:embed /DEBUG /PDB:"C:\gen\GitHub\KinematicDesign\x64\Debug\KinematicDesign.pdb" /SUBSYSTEM:CONSOLE /TLBID:1 /DYNAMICBASE /NXCOMPAT /IMPLIB:"C:\gen\GitHub\KinematicDesign\x64\Debug\KinematicDesign.lib" /MACHINE:X64 x64\Debug\BBox.obj
         x64\Debug\BodyGeometry.obj
         x64\Debug\clipper.obj
         x64\Debug\Gear.obj
         x64\Debug\GLUtils.obj
         x64\Debug\Joint.obj
         x64\Debug\JointConnector.obj
         x64\Debug\KinematicDiagram.obj
         x64\Debug\Kinematics.obj
         x64\Debug\KinematicUtils.obj
         x64\Debug\LeastSquareSolver.obj
         x64\Debug\Link.obj
         x64\Debug\LinkageSynthesis.obj
         x64\Debug\LinkageSynthesis4R.obj
         x64\Debug\LinkageSynthesisRRRP.obj
         x64\Debug\PinJoint.obj
         x64\Debug\SCADExporter.obj
         x64\Debug\SliderHinge.obj
         x64\Debug\Solution.obj
         x64\Debug\STLExporter.obj
         x64\Debug\ZOrder.obj
         x64\Debug\BoundingBox.obj
         x64\Debug\Camera.obj
         x64\Debug\Circle.obj
         x64\Debug\Design.obj
         x64\Debug\moc_GLWidget3D.obj
         x64\Debug\moc_LinkageSynthesisOptionDialog.obj
         x64\Debug\moc_MainWindow.obj
         x64\Debug\moc_OptionDialog.obj
         x64\Debug\qrc_MainWindow.obj
         x64\Debug\GLWidget3D.obj
         x64\Debug\History.obj
         x64\Debug\LinkageSynthesisOptionDialog.obj
         x64\Debug\main.obj
         x64\Debug\MainWindow.obj
         x64\Debug\Operation.obj
         x64\Debug\OptionDialog.obj
         x64\Debug\Polygon.obj
         x64\Debug\Rectangle.obj
         x64\Debug\RenderManager.obj
         x64\Debug\Shader.obj
         x64\Debug\ShadowMapping.obj
         x64\Debug\Shape.obj
         KinematicDesign.vcxproj -> C:\gen\GitHub\KinematicDesign\x64\Debug\KinematicDesign.exe
     1>Done Building Project "C:\gen\GitHub\KinematicDesign\KinematicDesign\KinematicDesign.vcxproj" (Build target(s)).

Build succeeded.

Time Elapsed 00:00:05.55
