c:\gen\github\kinematicdesign\kinematicdesign\x64\debug\vc120.pdb
c:\gen\github\kinematicdesign\kinematicdesign\x64\debug\circle.obj
c:\gen\github\kinematicdesign\kinematicdesign\x64\debug\camera.obj
c:\gen\github\kinematicdesign\kinematicdesign\x64\debug\boundingbox.obj
c:\gen\github\kinematicdesign\kinematicdesign\x64\debug\zorder.obj
c:\gen\github\kinematicdesign\kinematicdesign\x64\debug\solution.obj
c:\gen\github\kinematicdesign\kinematicdesign\x64\debug\sliderhinge.obj
c:\gen\github\kinematicdesign\kinematicdesign\x64\debug\pinjoint.obj
c:\gen\github\kinematicdesign\kinematicdesign\x64\debug\linkagesynthesisrrrp.obj
c:\gen\github\kinematicdesign\kinematicdesign\x64\debug\linkagesynthesis4r.obj
c:\gen\github\kinematicdesign\kinematicdesign\x64\debug\link.obj
c:\gen\github\kinematicdesign\kinematicdesign\x64\debug\leastsquaresolver.obj
c:\gen\github\kinematicdesign\kinematicdesign\x64\debug\kinematics.obj
c:\gen\github\kinematicdesign\kinematicdesign\x64\debug\kinematicutils.obj
c:\gen\github\kinematicdesign\kinematicdesign\x64\debug\kinematicdiagram.obj
c:\gen\github\kinematicdesign\kinematicdesign\x64\debug\jointconnector.obj
c:\gen\github\kinematicdesign\kinematicdesign\x64\debug\joint.obj
c:\gen\github\kinematicdesign\kinematicdesign\x64\debug\gear.obj
c:\gen\github\kinematicdesign\kinematicdesign\x64\debug\burmester.obj
c:\gen\github\kinematicdesign\kinematicdesign\x64\debug\bodygeometry.obj
c:\gen\github\kinematicdesign\kinematicdesign\x64\debug\bbox.obj
c:\gen\github\kinematicdesign\kinematicdesign\x64\debug\shape.obj
c:\gen\github\kinematicdesign\kinematicdesign\x64\debug\shadowmapping.obj
c:\gen\github\kinematicdesign\kinematicdesign\x64\debug\shader.obj
c:\gen\github\kinematicdesign\kinematicdesign\x64\debug\stlexporter.obj
c:\gen\github\kinematicdesign\kinematicdesign\x64\debug\scadexporter.obj
c:\gen\github\kinematicdesign\kinematicdesign\x64\debug\rendermanager.obj
c:\gen\github\kinematicdesign\kinematicdesign\x64\debug\rectangle.obj
c:\gen\github\kinematicdesign\kinematicdesign\x64\debug\polygon.obj
c:\gen\github\kinematicdesign\kinematicdesign\x64\debug\optiondialog.obj
c:\gen\github\kinematicdesign\kinematicdesign\x64\debug\operation.obj
c:\gen\github\kinematicdesign\kinematicdesign\x64\debug\mainwindow.obj
c:\gen\github\kinematicdesign\kinematicdesign\x64\debug\linkagesynthesisoptiondialog.obj
c:\gen\github\kinematicdesign\kinematicdesign\x64\debug\layer.obj
c:\gen\github\kinematicdesign\kinematicdesign\x64\debug\history.obj
c:\gen\github\kinematicdesign\kinematicdesign\x64\debug\moc_optiondialog.obj
c:\gen\github\kinematicdesign\kinematicdesign\x64\debug\moc_mainwindow.obj
c:\gen\github\kinematicdesign\kinematicdesign\x64\debug\moc_linkagesynthesisoptiondialog.obj
c:\gen\github\kinematicdesign\kinematicdesign\x64\debug\moc_glwidget3d.obj
c:\gen\github\kinematicdesign\kinematicdesign\x64\debug\glwidget3d.obj
c:\gen\github\kinematicdesign\kinematicdesign\x64\debug\glutils.obj
c:\gen\github\kinematicdesign\kinematicdesign\x64\debug\main.obj
c:\gen\github\kinematicdesign\kinematicdesign\x64\debug\design.obj
c:\gen\github\kinematicdesign\kinematicdesign\x64\debug\clipper.obj
c:\gen\github\kinematicdesign\kinematicdesign\x64\debug\linkagesynthesiswatti.obj
c:\gen\github\kinematicdesign\kinematicdesign\x64\debug\linkagesynthesis.obj
c:\gen\github\kinematicdesign\kinematicdesign\x64\debug\qrc_mainwindow.obj
c:\gen\github\kinematicdesign\kinematicdesign\generatedfiles\ui_mainwindow.h
c:\gen\github\kinematicdesign\kinematicdesign\generatedfiles\debug\moc_linkagesynthesisoptiondialog.cpp
c:\gen\github\kinematicdesign\kinematicdesign\generatedfiles\qrc_mainwindow.cpp
c:\gen\github\kinematicdesign\kinematicdesign\generatedfiles\ui_linkagesynthesisoptiondialog.h
c:\gen\github\kinematicdesign\kinematicdesign\generatedfiles\ui_optiondialog.h
c:\gen\github\kinematicdesign\kinematicdesign\generatedfiles\debug\moc_optiondialog.cpp
c:\gen\github\kinematicdesign\kinematicdesign\generatedfiles\debug\moc_mainwindow.cpp
c:\gen\github\kinematicdesign\kinematicdesign\generatedfiles\debug\moc_glwidget3d.cpp
c:\gen\github\kinematicdesign\x64\debug\kinematicdesign.ilk
c:\gen\github\kinematicdesign\x64\debug\kinematicdesign.exe
c:\gen\github\kinematicdesign\x64\debug\kinematicdesign.pdb
c:\gen\github\kinematicdesign\kinematicdesign\x64\debug\kinematicdesign.tlog\cl.command.1.tlog
c:\gen\github\kinematicdesign\kinematicdesign\x64\debug\kinematicdesign.tlog\cl.read.1.tlog
c:\gen\github\kinematicdesign\kinematicdesign\x64\debug\kinematicdesign.tlog\cl.write.1.tlog
c:\gen\github\kinematicdesign\kinematicdesign\x64\debug\kinematicdesign.tlog\custombuild.command.1.tlog
c:\gen\github\kinematicdesign\kinematicdesign\x64\debug\kinematicdesign.tlog\custombuild.read.1.tlog
c:\gen\github\kinematicdesign\kinematicdesign\x64\debug\kinematicdesign.tlog\custombuild.write.1.tlog
c:\gen\github\kinematicdesign\kinematicdesign\x64\debug\kinematicdesign.tlog\link.command.1.tlog
c:\gen\github\kinematicdesign\kinematicdesign\x64\debug\kinematicdesign.tlog\link.read.1.tlog
c:\gen\github\kinematicdesign\kinematicdesign\x64\debug\kinematicdesign.tlog\link.write.1.tlog
