c:\gen\github\kinematicdesign_twobodies\kinematicdesign_twobodies\x64\release\stlexporter.obj
c:\gen\github\kinematicdesign_twobodies\kinematicdesign_twobodies\x64\release\solution.obj
c:\gen\github\kinematicdesign_twobodies\kinematicdesign_twobodies\x64\release\sliderhinge.obj
c:\gen\github\kinematicdesign_twobodies\kinematicdesign_twobodies\x64\release\scadexporter.obj
c:\gen\github\kinematicdesign_twobodies\kinematicdesign_twobodies\x64\release\pinjoint.obj
c:\gen\github\kinematicdesign_twobodies\kinematicdesign_twobodies\x64\release\linkagesynthesisrrrp.obj
c:\gen\github\kinematicdesign_twobodies\kinematicdesign_twobodies\x64\release\linkagesynthesis4r.obj
c:\gen\github\kinematicdesign_twobodies\kinematicdesign_twobodies\x64\release\linkagesynthesis.obj
c:\gen\github\kinematicdesign_twobodies\kinematicdesign_twobodies\x64\release\link.obj
c:\gen\github\kinematicdesign_twobodies\kinematicdesign_twobodies\x64\release\leastsquaresolver.obj
c:\gen\github\kinematicdesign_twobodies\kinematicdesign_twobodies\x64\release\kinematicutils.obj
c:\gen\github\kinematicdesign_twobodies\kinematicdesign_twobodies\x64\release\kinematics.obj
c:\gen\github\kinematicdesign_twobodies\kinematicdesign_twobodies\x64\release\kinematicdiagram.obj
c:\gen\github\kinematicdesign_twobodies\kinematicdesign_twobodies\x64\release\jointconnector.obj
c:\gen\github\kinematicdesign_twobodies\kinematicdesign_twobodies\x64\release\joint.obj
c:\gen\github\kinematicdesign_twobodies\kinematicdesign_twobodies\x64\release\glutils.obj
c:\gen\github\kinematicdesign_twobodies\kinematicdesign_twobodies\x64\release\gear.obj
c:\gen\github\kinematicdesign_twobodies\kinematicdesign_twobodies\x64\release\clipper.obj
c:\gen\github\kinematicdesign_twobodies\kinematicdesign_twobodies\x64\release\bodygeometry.obj
c:\gen\github\kinematicdesign_twobodies\kinematicdesign_twobodies\x64\release\bbox.obj
c:\gen\github\kinematicdesign_twobodies\kinematicdesign_twobodies\x64\release\shader.obj
c:\gen\github\kinematicdesign_twobodies\kinematicdesign_twobodies\x64\release\rendermanager.obj
c:\gen\github\kinematicdesign_twobodies\kinematicdesign_twobodies\x64\release\rectangle.obj
c:\gen\github\kinematicdesign_twobodies\kinematicdesign_twobodies\x64\release\polygon.obj
c:\gen\github\kinematicdesign_twobodies\kinematicdesign_twobodies\x64\release\optiondialog.obj
c:\gen\github\kinematicdesign_twobodies\kinematicdesign_twobodies\x64\release\operation.obj
c:\gen\github\kinematicdesign_twobodies\kinematicdesign_twobodies\x64\release\mainwindow.obj
c:\gen\github\kinematicdesign_twobodies\kinematicdesign_twobodies\x64\release\main.obj
c:\gen\github\kinematicdesign_twobodies\kinematicdesign_twobodies\x64\release\linkagesynthesisoptiondialog.obj
c:\gen\github\kinematicdesign_twobodies\kinematicdesign_twobodies\x64\release\history.obj
c:\gen\github\kinematicdesign_twobodies\kinematicdesign_twobodies\x64\release\glwidget3d.obj
c:\gen\github\kinematicdesign_twobodies\kinematicdesign_twobodies\x64\release\moc_optiondialog.obj
c:\gen\github\kinematicdesign_twobodies\kinematicdesign_twobodies\x64\release\moc_mainwindow.obj
c:\gen\github\kinematicdesign_twobodies\kinematicdesign_twobodies\x64\release\moc_linkagesynthesisoptiondialog.obj
c:\gen\github\kinematicdesign_twobodies\kinematicdesign_twobodies\x64\release\moc_glwidget3d.obj
c:\gen\github\kinematicdesign_twobodies\kinematicdesign_twobodies\x64\release\design.obj
c:\gen\github\kinematicdesign_twobodies\kinematicdesign_twobodies\x64\release\circle.obj
c:\gen\github\kinematicdesign_twobodies\kinematicdesign_twobodies\x64\release\camera.obj
c:\gen\github\kinematicdesign_twobodies\kinematicdesign_twobodies\x64\release\boundingbox.obj
c:\gen\github\kinematicdesign_twobodies\kinematicdesign_twobodies\x64\release\zorder.obj
c:\gen\github\kinematicdesign_twobodies\kinematicdesign_twobodies\x64\release\shape.obj
c:\gen\github\kinematicdesign_twobodies\kinematicdesign_twobodies\x64\release\shadowmapping.obj
c:\gen\github\kinematicdesign_twobodies\kinematicdesign_twobodies\x64\release\qrc_mainwindow.obj
c:\gen\github\kinematicdesign_twobodies\kinematicdesign_twobodies\x64\release\linkagesynthesiswatti.obj
c:\gen\github\kinematicdesign_twobodies\kinematicdesign_twobodies\generatedfiles\release\moc_mainwindow.cpp
c:\gen\github\kinematicdesign_twobodies\kinematicdesign_twobodies\generatedfiles\ui_mainwindow.h
c:\gen\github\kinematicdesign_twobodies\kinematicdesign_twobodies\generatedfiles\release\moc_linkagesynthesisoptiondialog.cpp
c:\gen\github\kinematicdesign_twobodies\kinematicdesign_twobodies\generatedfiles\release\moc_optiondialog.cpp
c:\gen\github\kinematicdesign_twobodies\kinematicdesign_twobodies\generatedfiles\qrc_mainwindow.cpp
c:\gen\github\kinematicdesign_twobodies\kinematicdesign_twobodies\generatedfiles\ui_linkagesynthesisoptiondialog.h
c:\gen\github\kinematicdesign_twobodies\kinematicdesign_twobodies\generatedfiles\ui_optiondialog.h
c:\gen\github\kinematicdesign_twobodies\kinematicdesign_twobodies\generatedfiles\release\moc_glwidget3d.cpp
c:\gen\github\kinematicdesign_twobodies\x64\release\kinematicdesign_twobodies.exe
c:\gen\github\kinematicdesign_twobodies\kinematicdesign_twobodies\x64\release\kinemati.b12702ad.tlog\cl.command.1.tlog
c:\gen\github\kinematicdesign_twobodies\kinematicdesign_twobodies\x64\release\kinemati.b12702ad.tlog\cl.read.1.tlog
c:\gen\github\kinematicdesign_twobodies\kinematicdesign_twobodies\x64\release\kinemati.b12702ad.tlog\cl.write.1.tlog
c:\gen\github\kinematicdesign_twobodies\kinematicdesign_twobodies\x64\release\kinemati.b12702ad.tlog\custombuild.command.1.tlog
c:\gen\github\kinematicdesign_twobodies\kinematicdesign_twobodies\x64\release\kinemati.b12702ad.tlog\custombuild.read.1.tlog
c:\gen\github\kinematicdesign_twobodies\kinematicdesign_twobodies\x64\release\kinemati.b12702ad.tlog\custombuild.write.1.tlog
c:\gen\github\kinematicdesign_twobodies\kinematicdesign_twobodies\x64\release\kinemati.b12702ad.tlog\link.command.1.tlog
c:\gen\github\kinematicdesign_twobodies\kinematicdesign_twobodies\x64\release\kinemati.b12702ad.tlog\link.read.1.tlog
c:\gen\github\kinematicdesign_twobodies\kinematicdesign_twobodies\x64\release\kinemati.b12702ad.tlog\link.write.1.tlog
